C:\USERS\ADMINISTRATOR\DOCUMENTS\VISUAL STUDIO 2010\PROJECTS\LIAINTERPRETER\DEBUG\LIAINTERPRETER.DLL
C:\USERS\ADMINISTRATOR\DOCUMENTS\VISUAL STUDIO 2010\PROJECTS\LIAINTERPRETER\DEBUG\LIAINTERPRETER.ILK
C:\USERS\ADMINISTRATOR\DOCUMENTS\VISUAL STUDIO 2010\PROJECTS\LIAINTERPRETER\DEBUG\LIAINTERPRETER.PDB
C:\USERS\ADMINISTRATOR\DOCUMENTS\VISUAL STUDIO 2010\PROJECTS\LIAINTERPRETER\LIAINTERPRETER\DEBUG\.NETFRAMEWORK,VERSION=V4.0.ASSEMBLYATTRIBUTES.OBJ
C:\USERS\ADMINISTRATOR\DOCUMENTS\VISUAL STUDIO 2010\PROJECTS\LIAINTERPRETER\LIAINTERPRETER\DEBUG\APP.RES
C:\USERS\ADMINISTRATOR\DOCUMENTS\VISUAL STUDIO 2010\PROJECTS\LIAINTERPRETER\LIAINTERPRETER\DEBUG\ASSEMBLYINFO.OBJ
C:\Users\Administrator\Documents\Visual Studio 2010\Projects\LiaInterpreter\LiaInterpreter\Debug\cl.command.1.tlog
C:\Users\Administrator\Documents\Visual Studio 2010\Projects\LiaInterpreter\LiaInterpreter\Debug\CL.read.1.tlog
C:\Users\Administrator\Documents\Visual Studio 2010\Projects\LiaInterpreter\LiaInterpreter\Debug\CL.write.1.tlog
C:\USERS\ADMINISTRATOR\DOCUMENTS\VISUAL STUDIO 2010\PROJECTS\LIAINTERPRETER\LIAINTERPRETER\DEBUG\LIAINTERPRETER.DLL.INTERMEDIATE.MANIFEST
C:\USERS\ADMINISTRATOR\DOCUMENTS\VISUAL STUDIO 2010\PROJECTS\LIAINTERPRETER\LIAINTERPRETER\DEBUG\LIAINTERPRETER.OBJ
C:\USERS\ADMINISTRATOR\DOCUMENTS\VISUAL STUDIO 2010\PROJECTS\LIAINTERPRETER\LIAINTERPRETER\DEBUG\LIAINTERPRETER.PCH
C:\Users\Administrator\Documents\Visual Studio 2010\Projects\LiaInterpreter\LiaInterpreter\Debug\LiaInterpreter.write.1.tlog
C:\Users\Administrator\Documents\Visual Studio 2010\Projects\LiaInterpreter\LiaInterpreter\Debug\link.2224.read.1.tlog
C:\Users\Administrator\Documents\Visual Studio 2010\Projects\LiaInterpreter\LiaInterpreter\Debug\link.2224.write.1.tlog
C:\Users\Administrator\Documents\Visual Studio 2010\Projects\LiaInterpreter\LiaInterpreter\Debug\link.2224-cvtres.read.1.tlog
C:\Users\Administrator\Documents\Visual Studio 2010\Projects\LiaInterpreter\LiaInterpreter\Debug\link.2224-cvtres.write.1.tlog
C:\Users\Administrator\Documents\Visual Studio 2010\Projects\LiaInterpreter\LiaInterpreter\Debug\link.2412.read.1.tlog
C:\Users\Administrator\Documents\Visual Studio 2010\Projects\LiaInterpreter\LiaInterpreter\Debug\link.2412.write.1.tlog
C:\Users\Administrator\Documents\Visual Studio 2010\Projects\LiaInterpreter\LiaInterpreter\Debug\link.2412-cvtres.read.1.tlog
C:\Users\Administrator\Documents\Visual Studio 2010\Projects\LiaInterpreter\LiaInterpreter\Debug\link.2412-cvtres.write.1.tlog
C:\Users\Administrator\Documents\Visual Studio 2010\Projects\LiaInterpreter\LiaInterpreter\Debug\link.2520.read.1.tlog
C:\Users\Administrator\Documents\Visual Studio 2010\Projects\LiaInterpreter\LiaInterpreter\Debug\link.2520.write.1.tlog
C:\Users\Administrator\Documents\Visual Studio 2010\Projects\LiaInterpreter\LiaInterpreter\Debug\link.2520-cvtres.read.1.tlog
C:\Users\Administrator\Documents\Visual Studio 2010\Projects\LiaInterpreter\LiaInterpreter\Debug\link.2520-cvtres.write.1.tlog
C:\Users\Administrator\Documents\Visual Studio 2010\Projects\LiaInterpreter\LiaInterpreter\Debug\link.2976.read.1.tlog
C:\Users\Administrator\Documents\Visual Studio 2010\Projects\LiaInterpreter\LiaInterpreter\Debug\link.2976.write.1.tlog
C:\Users\Administrator\Documents\Visual Studio 2010\Projects\LiaInterpreter\LiaInterpreter\Debug\link.2976-cvtres.read.1.tlog
C:\Users\Administrator\Documents\Visual Studio 2010\Projects\LiaInterpreter\LiaInterpreter\Debug\link.2976-cvtres.write.1.tlog
C:\Users\Administrator\Documents\Visual Studio 2010\Projects\LiaInterpreter\LiaInterpreter\Debug\link.3232.read.1.tlog
C:\Users\Administrator\Documents\Visual Studio 2010\Projects\LiaInterpreter\LiaInterpreter\Debug\link.3232.write.1.tlog
C:\Users\Administrator\Documents\Visual Studio 2010\Projects\LiaInterpreter\LiaInterpreter\Debug\link.3232-cvtres.read.1.tlog
C:\Users\Administrator\Documents\Visual Studio 2010\Projects\LiaInterpreter\LiaInterpreter\Debug\link.3232-cvtres.write.1.tlog
C:\Users\Administrator\Documents\Visual Studio 2010\Projects\LiaInterpreter\LiaInterpreter\Debug\link.3288.read.1.tlog
C:\Users\Administrator\Documents\Visual Studio 2010\Projects\LiaInterpreter\LiaInterpreter\Debug\link.3288.write.1.tlog
C:\Users\Administrator\Documents\Visual Studio 2010\Projects\LiaInterpreter\LiaInterpreter\Debug\link.3288-cvtres.read.1.tlog
C:\Users\Administrator\Documents\Visual Studio 2010\Projects\LiaInterpreter\LiaInterpreter\Debug\link.3288-cvtres.write.1.tlog
C:\Users\Administrator\Documents\Visual Studio 2010\Projects\LiaInterpreter\LiaInterpreter\Debug\link.3716.read.1.tlog
C:\Users\Administrator\Documents\Visual Studio 2010\Projects\LiaInterpreter\LiaInterpreter\Debug\link.3716.write.1.tlog
C:\Users\Administrator\Documents\Visual Studio 2010\Projects\LiaInterpreter\LiaInterpreter\Debug\link.3716-cvtres.read.1.tlog
C:\Users\Administrator\Documents\Visual Studio 2010\Projects\LiaInterpreter\LiaInterpreter\Debug\link.3716-cvtres.write.1.tlog
C:\Users\Administrator\Documents\Visual Studio 2010\Projects\LiaInterpreter\LiaInterpreter\Debug\link.3784.read.1.tlog
C:\Users\Administrator\Documents\Visual Studio 2010\Projects\LiaInterpreter\LiaInterpreter\Debug\link.3784.write.1.tlog
C:\Users\Administrator\Documents\Visual Studio 2010\Projects\LiaInterpreter\LiaInterpreter\Debug\link.3784-cvtres.read.1.tlog
C:\Users\Administrator\Documents\Visual Studio 2010\Projects\LiaInterpreter\LiaInterpreter\Debug\link.3784-cvtres.write.1.tlog
C:\Users\Administrator\Documents\Visual Studio 2010\Projects\LiaInterpreter\LiaInterpreter\Debug\link.4104.read.1.tlog
C:\Users\Administrator\Documents\Visual Studio 2010\Projects\LiaInterpreter\LiaInterpreter\Debug\link.4104.write.1.tlog
C:\Users\Administrator\Documents\Visual Studio 2010\Projects\LiaInterpreter\LiaInterpreter\Debug\link.4104-cvtres.read.1.tlog
C:\Users\Administrator\Documents\Visual Studio 2010\Projects\LiaInterpreter\LiaInterpreter\Debug\link.4104-cvtres.write.1.tlog
C:\Users\Administrator\Documents\Visual Studio 2010\Projects\LiaInterpreter\LiaInterpreter\Debug\link.4624.read.1.tlog
C:\Users\Administrator\Documents\Visual Studio 2010\Projects\LiaInterpreter\LiaInterpreter\Debug\link.4624.write.1.tlog
C:\Users\Administrator\Documents\Visual Studio 2010\Projects\LiaInterpreter\LiaInterpreter\Debug\link.4624-cvtres.read.1.tlog
C:\Users\Administrator\Documents\Visual Studio 2010\Projects\LiaInterpreter\LiaInterpreter\Debug\link.4624-cvtres.write.1.tlog
C:\Users\Administrator\Documents\Visual Studio 2010\Projects\LiaInterpreter\LiaInterpreter\Debug\link.5676.read.1.tlog
C:\Users\Administrator\Documents\Visual Studio 2010\Projects\LiaInterpreter\LiaInterpreter\Debug\link.5676.write.1.tlog
C:\Users\Administrator\Documents\Visual Studio 2010\Projects\LiaInterpreter\LiaInterpreter\Debug\link.5676-cvtres.read.1.tlog
C:\Users\Administrator\Documents\Visual Studio 2010\Projects\LiaInterpreter\LiaInterpreter\Debug\link.5676-cvtres.write.1.tlog
C:\Users\Administrator\Documents\Visual Studio 2010\Projects\LiaInterpreter\LiaInterpreter\Debug\link.6000.read.1.tlog
C:\Users\Administrator\Documents\Visual Studio 2010\Projects\LiaInterpreter\LiaInterpreter\Debug\link.6000.write.1.tlog
C:\Users\Administrator\Documents\Visual Studio 2010\Projects\LiaInterpreter\LiaInterpreter\Debug\link.6000-cvtres.read.1.tlog
C:\Users\Administrator\Documents\Visual Studio 2010\Projects\LiaInterpreter\LiaInterpreter\Debug\link.6000-cvtres.write.1.tlog
C:\Users\Administrator\Documents\Visual Studio 2010\Projects\LiaInterpreter\LiaInterpreter\Debug\link.6056.read.1.tlog
C:\Users\Administrator\Documents\Visual Studio 2010\Projects\LiaInterpreter\LiaInterpreter\Debug\link.6056.write.1.tlog
C:\Users\Administrator\Documents\Visual Studio 2010\Projects\LiaInterpreter\LiaInterpreter\Debug\link.6056-cvtres.read.1.tlog
C:\Users\Administrator\Documents\Visual Studio 2010\Projects\LiaInterpreter\LiaInterpreter\Debug\link.6056-cvtres.write.1.tlog
C:\Users\Administrator\Documents\Visual Studio 2010\Projects\LiaInterpreter\LiaInterpreter\Debug\link.6108.read.1.tlog
C:\Users\Administrator\Documents\Visual Studio 2010\Projects\LiaInterpreter\LiaInterpreter\Debug\link.6108.write.1.tlog
C:\Users\Administrator\Documents\Visual Studio 2010\Projects\LiaInterpreter\LiaInterpreter\Debug\link.6108-cvtres.read.1.tlog
C:\Users\Administrator\Documents\Visual Studio 2010\Projects\LiaInterpreter\LiaInterpreter\Debug\link.6108-cvtres.write.1.tlog
C:\Users\Administrator\Documents\Visual Studio 2010\Projects\LiaInterpreter\LiaInterpreter\Debug\link.6844.read.1.tlog
C:\Users\Administrator\Documents\Visual Studio 2010\Projects\LiaInterpreter\LiaInterpreter\Debug\link.6844.write.1.tlog
C:\Users\Administrator\Documents\Visual Studio 2010\Projects\LiaInterpreter\LiaInterpreter\Debug\link.6844-cvtres.read.1.tlog
C:\Users\Administrator\Documents\Visual Studio 2010\Projects\LiaInterpreter\LiaInterpreter\Debug\link.6844-cvtres.write.1.tlog
C:\Users\Administrator\Documents\Visual Studio 2010\Projects\LiaInterpreter\LiaInterpreter\Debug\link.7856.read.1.tlog
C:\Users\Administrator\Documents\Visual Studio 2010\Projects\LiaInterpreter\LiaInterpreter\Debug\link.7856.write.1.tlog
C:\Users\Administrator\Documents\Visual Studio 2010\Projects\LiaInterpreter\LiaInterpreter\Debug\link.7856-cvtres.read.1.tlog
C:\Users\Administrator\Documents\Visual Studio 2010\Projects\LiaInterpreter\LiaInterpreter\Debug\link.7856-cvtres.write.1.tlog
C:\Users\Administrator\Documents\Visual Studio 2010\Projects\LiaInterpreter\LiaInterpreter\Debug\link.command.1.tlog
C:\Users\Administrator\Documents\Visual Studio 2010\Projects\LiaInterpreter\LiaInterpreter\Debug\link.read.1.tlog
C:\Users\Administrator\Documents\Visual Studio 2010\Projects\LiaInterpreter\LiaInterpreter\Debug\link.write.1.tlog
C:\Users\Administrator\Documents\Visual Studio 2010\Projects\LiaInterpreter\LiaInterpreter\Debug\mt.command.1.tlog
C:\Users\Administrator\Documents\Visual Studio 2010\Projects\LiaInterpreter\LiaInterpreter\Debug\mt.read.1.tlog
C:\Users\Administrator\Documents\Visual Studio 2010\Projects\LiaInterpreter\LiaInterpreter\Debug\mt.write.1.tlog
C:\Users\Administrator\Documents\Visual Studio 2010\Projects\LiaInterpreter\LiaInterpreter\Debug\rc.command.1.tlog
C:\Users\Administrator\Documents\Visual Studio 2010\Projects\LiaInterpreter\LiaInterpreter\Debug\rc.read.1.tlog
C:\Users\Administrator\Documents\Visual Studio 2010\Projects\LiaInterpreter\LiaInterpreter\Debug\rc.write.1.tlog
C:\USERS\ADMINISTRATOR\DOCUMENTS\VISUAL STUDIO 2010\PROJECTS\LIAINTERPRETER\LIAINTERPRETER\DEBUG\STDAFX.OBJ
C:\USERS\ADMINISTRATOR\DOCUMENTS\VISUAL STUDIO 2010\PROJECTS\LIAINTERPRETER\LIAINTERPRETER\DEBUG\VC100.PDB
